INFO  Intro - Intro window opened from ee.ut.math.tvt.Agnes.Intro at Thu Oct 17 22:00:20 EEST 2013
INFO  Intro - Intro window opened from ee.ut.math.tvt.Agnes.Intro at Thu Oct 17 22:10:43 EEST 2013
INFO  Intro - Intro window opened from ee.ut.math.tvt.Agnes.Intro at Thu Oct 17 22:11:55 EEST 2013
INFO  Intro - Intro window opened from ee.ut.math.tvt.Agnes.Intro at Thu Oct 17 22:12:10 EEST 2013
WARN  SalesSystemUI - [The JGoodies Windows Look and Feel - © 2001-2012 JGoodies Karsten Lentzsch - com.jgoodies.looks.windows.WindowsLookAndFeel] not supported on this platform
INFO  Intro - Intro window opened from ee.ut.math.tvt.Agnes.Intro at Fri Oct 18 12:58:02 EEST 2013
WARN  SalesSystemUI - [The JGoodies Windows Look and Feel - © 2001-2012 JGoodies Karsten Lentzsch - com.jgoodies.looks.windows.WindowsLookAndFeel] not supported on this platform
INFO  Intro - Intro window opened from ee.ut.math.tvt.Agnes.Intro at Thu Oct 24 14:50:31 EEST 2013
INFO  PurchaseTab - New sale process started
INFO  PurchaseTab - Sale cancelled
WARN  SalesSystemUI - [The JGoodies Windows Look and Feel - © 2001-2012 JGoodies Karsten Lentzsch - com.jgoodies.looks.windows.WindowsLookAndFeel] not supported on this platform
WARN  SalesSystemUI - [The JGoodies Windows Look and Feel - © 2001-2012 JGoodies Karsten Lentzsch - com.jgoodies.looks.windows.WindowsLookAndFeel] not supported on this platform
INFO  Intro - Intro window opened from ee.ut.math.tvt.Agnes.Intro at Thu Oct 24 15:07:50 EEST 2013
WARN  SalesSystemUI - [The JGoodies Windows Look and Feel - © 2001-2012 JGoodies Karsten Lentzsch - com.jgoodies.looks.windows.WindowsLookAndFeel] not supported on this platform
WARN  SalesSystemUI - [The JGoodies Windows Look and Feel - © 2001-2012 JGoodies Karsten Lentzsch - com.jgoodies.looks.windows.WindowsLookAndFeel] not supported on this platform
INFO  Intro - Intro window opened from ee.ut.math.tvt.Agnes.Intro at Thu Oct 24 15:23:22 EEST 2013
WARN  SalesSystemUI - [The JGoodies Windows Look and Feel - © 2001-2012 JGoodies Karsten Lentzsch - com.jgoodies.looks.windows.WindowsLookAndFeel] not supported on this platform
INFO  Intro - Intro window opened from ee.ut.math.tvt.Agnes.Intro at Thu Oct 24 15:56:17 EEST 2013
WARN  SalesSystemUI - [The JGoodies Windows Look and Feel - © 2001-2012 JGoodies Karsten Lentzsch - com.jgoodies.looks.windows.WindowsLookAndFeel] not supported on this platform
INFO  Intro - Intro window opened from ee.ut.math.tvt.Agnes.Intro at Thu Oct 24 15:56:28 EEST 2013
WARN  SalesSystemUI - [The JGoodies Windows Look and Feel - © 2001-2012 JGoodies Karsten Lentzsch - com.jgoodies.looks.windows.WindowsLookAndFeel] not supported on this platform
WARN  SalesSystemUI - [The JGoodies Windows Look and Feel - © 2001-2012 JGoodies Karsten Lentzsch - com.jgoodies.looks.windows.WindowsLookAndFeel] not supported on this platform
WARN  SalesSystemUI - [The JGoodies Windows Look and Feel - © 2001-2012 JGoodies Karsten Lentzsch - com.jgoodies.looks.windows.WindowsLookAndFeel] not supported on this platform
WARN  SalesSystemUI - [The JGoodies Windows Look and Feel - © 2001-2012 JGoodies Karsten Lentzsch - com.jgoodies.looks.windows.WindowsLookAndFeel] not supported on this platform
INFO  Intro - Intro window opened from ee.ut.math.tvt.Agnes.Intro at Thu Oct 24 16:44:48 EEST 2013
INFO  PurchaseTab - New sale process started
INFO  PurchaseTab - Sale complete
ERROR PurchaseTab - Underaged!
INFO  PurchaseTab - Sale cancelled
INFO  PurchaseTab - New sale process started
INFO  PurchaseTab - Sale complete
ERROR PurchaseTab - Underaged!
INFO  PurchaseTab - Sale complete
ERROR PurchaseTab - Underaged!
INFO  PurchaseTab - Sale complete
ERROR PurchaseTab - Underaged!
INFO  PurchaseTab - Sale complete
ERROR PurchaseTab - Underaged!
INFO  PurchaseTab - Sale complete
ERROR PurchaseTab - Underaged!
INFO  PurchaseTab - Sale complete
ERROR PurchaseTab - Underaged!
INFO  PurchaseTab - Sale complete
ERROR PurchaseTab - Underaged!
INFO  PurchaseTab - Sale complete
ERROR PurchaseTab - Underaged!
INFO  PurchaseTab - Sale complete
ERROR PurchaseTab - Underaged!
INFO  PurchaseTab - Sale complete
ERROR PurchaseTab - Underaged!
INFO  PurchaseTab - Sale complete
ERROR PurchaseTab - Underaged!
INFO  PurchaseTab - Sale cancelled
WARN  SalesSystemUI - [The JGoodies Windows Look and Feel - © 2001-2012 JGoodies Karsten Lentzsch - com.jgoodies.looks.windows.WindowsLookAndFeel] not supported on this platform
INFO  Intro - Intro window opened from ee.ut.math.tvt.Agnes.Intro at Thu Oct 24 16:49:46 EEST 2013
INFO  PurchaseTab - New sale process started
INFO  PurchaseTab - Sale complete
ERROR PurchaseTab - Underaged!
WARN  SalesSystemUI - [The JGoodies Windows Look and Feel - © 2001-2012 JGoodies Karsten Lentzsch - com.jgoodies.looks.windows.WindowsLookAndFeel] not supported on this platform
INFO  Intro - Intro window opened from ee.ut.math.tvt.Agnes.Intro at Thu Oct 24 17:07:35 EEST 2013
INFO  PurchaseTab - New sale process started
INFO  PurchaseTab - New sale process started
INFO  PurchaseTab - New sale process started
INFO  PurchaseTab - New sale process started
WARN  SalesSystemUI - [The JGoodies Windows Look and Feel - © 2001-2012 JGoodies Karsten Lentzsch - com.jgoodies.looks.windows.WindowsLookAndFeel] not supported on this platform
INFO  PurchaseTab - New sale process started
INFO  Intro - Intro window opened from ee.ut.math.tvt.Agnes.Intro at Thu Oct 24 17:58:27 EEST 2013
WARN  SalesSystemUI - [The JGoodies Windows Look and Feel - © 2001-2012 JGoodies Karsten Lentzsch - com.jgoodies.looks.windows.WindowsLookAndFeel] not supported on this platform
WARN  SalesSystemUI - [The JGoodies Windows Look and Feel - © 2001-2012 JGoodies Karsten Lentzsch - com.jgoodies.looks.windows.WindowsLookAndFeel] not supported on this platform
INFO  Intro - Intro window opened from ee.ut.math.tvt.Agnes.Intro at Thu Oct 24 18:02:47 EEST 2013
WARN  SalesSystemUI - [The JGoodies Windows Look and Feel - © 2001-2012 JGoodies Karsten Lentzsch - com.jgoodies.looks.windows.WindowsLookAndFeel] not supported on this platform
WARN  SalesSystemUI - [The JGoodies Windows Look and Feel - © 2001-2012 JGoodies Karsten Lentzsch - com.jgoodies.looks.windows.WindowsLookAndFeel] not supported on this platform
INFO  PurchaseTab - New sale process started
INFO  Intro - Intro window opened from ee.ut.math.tvt.Agnes.Intro at Thu Oct 24 18:27:31 EEST 2013
WARN  SalesSystemUI - [The JGoodies Windows Look and Feel - © 2001-2012 JGoodies Karsten Lentzsch - com.jgoodies.looks.windows.WindowsLookAndFeel] not supported on this platform
INFO  PurchaseTab - New sale process started
INFO  Intro - Intro window opened from ee.ut.math.tvt.Agnes.Intro at Thu Oct 24 18:28:07 EEST 2013
WARN  SalesSystemUI - [The JGoodies Windows Look and Feel - © 2001-2012 JGoodies Karsten Lentzsch - com.jgoodies.looks.windows.WindowsLookAndFeel] not supported on this platform
INFO  Intro - Intro window opened from ee.ut.math.tvt.Agnes.Intro at Thu Oct 24 18:28:52 EEST 2013
WARN  SalesSystemUI - [The JGoodies Windows Look and Feel - © 2001-2012 JGoodies Karsten Lentzsch - com.jgoodies.looks.windows.WindowsLookAndFeel] not supported on this platform
INFO  PurchaseTab - New sale process started
INFO  Intro - Intro window opened from ee.ut.math.tvt.Agnes.Intro at Thu Oct 24 18:30:18 EEST 2013
INFO  PurchaseTab - Sale complete
ERROR PurchaseTab - Underaged!
WARN  SalesSystemUI - [The JGoodies Windows Look and Feel - © 2001-2012 JGoodies Karsten Lentzsch - com.jgoodies.looks.windows.WindowsLookAndFeel] not supported on this platform
INFO  Intro - Intro window opened from ee.ut.math.tvt.Agnes.Intro at Thu Oct 24 18:41:26 EEST 2013
INFO  PurchaseTab - New sale process started
INFO  PurchaseTab - Sale complete
ERROR PurchaseTab - Underaged!
INFO  PurchaseTab - Sale complete
ERROR PurchaseTab - Underaged!
INFO  PurchaseTab - Sale complete
ERROR PurchaseTab - Underaged!
INFO  PurchaseTab - Sale cancelled
INFO  PurchaseTab - New sale process started
WARN  SalesSystemUI - [The JGoodies Windows Look and Feel - © 2001-2012 JGoodies Karsten Lentzsch - com.jgoodies.looks.windows.WindowsLookAndFeel] not supported on this platform
INFO  Intro - Intro window opened from ee.ut.math.tvt.Agnes.Intro at Thu Oct 24 18:43:18 EEST 2013
INFO  PurchaseTab - New sale process started
WARN  SalesSystemUI - [The JGoodies Windows Look and Feel - © 2001-2012 JGoodies Karsten Lentzsch - com.jgoodies.looks.windows.WindowsLookAndFeel] not supported on this platform
INFO  Intro - Intro window opened from ee.ut.math.tvt.Agnes.Intro at Thu Oct 24 18:43:48 EEST 2013
INFO  PurchaseTab - New sale process started
INFO  PurchaseTab - Sale complete
ERROR PurchaseTab - Underaged!
WARN  SalesSystemUI - [The JGoodies Windows Look and Feel - © 2001-2012 JGoodies Karsten Lentzsch - com.jgoodies.looks.windows.WindowsLookAndFeel] not supported on this platform
INFO  Intro - Intro window opened from ee.ut.math.tvt.Agnes.Intro at Thu Oct 24 18:45:46 EEST 2013
INFO  PurchaseTab - New sale process started
WARN  SalesSystemUI - [The JGoodies Windows Look and Feel - © 2001-2012 JGoodies Karsten Lentzsch - com.jgoodies.looks.windows.WindowsLookAndFeel] not supported on this platform
INFO  PurchaseTab - New sale process started
INFO  Intro - Intro window opened from ee.ut.math.tvt.Agnes.Intro at Thu Oct 24 18:48:47 EEST 2013
INFO  PurchaseTab - Sale cancelled
WARN  SalesSystemUI - [The JGoodies Windows Look and Feel - © 2001-2012 JGoodies Karsten Lentzsch - com.jgoodies.looks.windows.WindowsLookAndFeel] not supported on this platform
INFO  PurchaseTab - New sale process started
INFO  Intro - Intro window opened from ee.ut.math.tvt.Agnes.Intro at Thu Oct 24 18:58:35 EEST 2013
INFO  PurchaseTab - Sale complete
ERROR PurchaseTab - Underaged!
WARN  SalesSystemUI - [The JGoodies Windows Look and Feel - © 2001-2012 JGoodies Karsten Lentzsch - com.jgoodies.looks.windows.WindowsLookAndFeel] not supported on this platform
INFO  PurchaseTab - New sale process started
INFO  Intro - Intro window opened from ee.ut.math.tvt.Agnes.Intro at Thu Oct 24 19:03:45 EEST 2013
WARN  SalesSystemUI - [The JGoodies Windows Look and Feel - © 2001-2012 JGoodies Karsten Lentzsch - com.jgoodies.looks.windows.WindowsLookAndFeel] not supported on this platform
INFO  PurchaseTab - New sale process started
INFO  Intro - Intro window opened from ee.ut.math.tvt.Agnes.Intro at Thu Oct 24 19:04:44 EEST 2013
WARN  SalesSystemUI - [The JGoodies Windows Look and Feel - © 2001-2012 JGoodies Karsten Lentzsch - com.jgoodies.looks.windows.WindowsLookAndFeel] not supported on this platform
INFO  PurchaseTab - New sale process started
INFO  Intro - Intro window opened from ee.ut.math.tvt.Agnes.Intro at Thu Oct 24 19:06:32 EEST 2013
WARN  SalesSystemUI - [The JGoodies Windows Look and Feel - © 2001-2012 JGoodies Karsten Lentzsch - com.jgoodies.looks.windows.WindowsLookAndFeel] not supported on this platform
INFO  PurchaseTab - New sale process started
INFO  Intro - Intro window opened from ee.ut.math.tvt.Agnes.Intro at Thu Oct 24 19:08:17 EEST 2013
INFO  PurchaseTab - Sale complete
ERROR PurchaseTab - Underaged!
WARN  SalesSystemUI - [The JGoodies Windows Look and Feel - © 2001-2012 JGoodies Karsten Lentzsch - com.jgoodies.looks.windows.WindowsLookAndFeel] not supported on this platform
INFO  PurchaseTab - New sale process started
INFO  Intro - Intro window opened from ee.ut.math.tvt.Agnes.Intro at Thu Oct 24 19:11:14 EEST 2013
WARN  SalesSystemUI - [The JGoodies Windows Look and Feel - © 2001-2012 JGoodies Karsten Lentzsch - com.jgoodies.looks.windows.WindowsLookAndFeel] not supported on this platform
INFO  PurchaseTab - New sale process started
INFO  Intro - Intro window opened from ee.ut.math.tvt.Agnes.Intro at Thu Oct 24 19:12:26 EEST 2013
WARN  SalesSystemUI - [The JGoodies Windows Look and Feel - © 2001-2012 JGoodies Karsten Lentzsch - com.jgoodies.looks.windows.WindowsLookAndFeel] not supported on this platform
INFO  PurchaseTab - New sale process started
INFO  Intro - Intro window opened from ee.ut.math.tvt.Agnes.Intro at Thu Oct 24 19:13:48 EEST 2013
INFO  PurchaseTab - Sale cancelled
WARN  SalesSystemUI - [The JGoodies Windows Look and Feel - © 2001-2012 JGoodies Karsten Lentzsch - com.jgoodies.looks.windows.WindowsLookAndFeel] not supported on this platform
INFO  PurchaseTab - New sale process started
INFO  Intro - Intro window opened from ee.ut.math.tvt.Agnes.Intro at Thu Oct 24 19:19:02 EEST 2013
WARN  SalesSystemUI - [The JGoodies Windows Look and Feel - © 2001-2012 JGoodies Karsten Lentzsch - com.jgoodies.looks.windows.WindowsLookAndFeel] not supported on this platform
INFO  PurchaseTab - New sale process started
INFO  Intro - Intro window opened from ee.ut.math.tvt.Agnes.Intro at Thu Oct 24 19:21:13 EEST 2013
WARN  SalesSystemUI - [The JGoodies Windows Look and Feel - © 2001-2012 JGoodies Karsten Lentzsch - com.jgoodies.looks.windows.WindowsLookAndFeel] not supported on this platform
WARN  SalesSystemUI - [The JGoodies Windows Look and Feel - © 2001-2012 JGoodies Karsten Lentzsch - com.jgoodies.looks.windows.WindowsLookAndFeel] not supported on this platform
INFO  PurchaseTab - New sale process started
INFO  Intro - Intro window opened from ee.ut.math.tvt.Agnes.Intro at Thu Oct 24 19:28:41 EEST 2013
WARN  SalesSystemUI - [The JGoodies Windows Look and Feel - © 2001-2012 JGoodies Karsten Lentzsch - com.jgoodies.looks.windows.WindowsLookAndFeel] not supported on this platform
INFO  Intro - Intro window opened from ee.ut.math.tvt.Agnes.Intro at Thu Oct 24 19:29:39 EEST 2013
INFO  PurchaseTab - New sale process started
WARN  SalesSystemUI - [The JGoodies Windows Look and Feel - © 2001-2012 JGoodies Karsten Lentzsch - com.jgoodies.looks.windows.WindowsLookAndFeel] not supported on this platform
INFO  PurchaseTab - New sale process started
INFO  Intro - Intro window opened from ee.ut.math.tvt.Agnes.Intro at Thu Oct 24 19:33:03 EEST 2013
INFO  PurchaseTab - Sale cancelled
WARN  SalesSystemUI - [The JGoodies Windows Look and Feel - © 2001-2012 JGoodies Karsten Lentzsch - com.jgoodies.looks.windows.WindowsLookAndFeel] not supported on this platform
INFO  PurchaseTab - New sale process started
INFO  Intro - Intro window opened from ee.ut.math.tvt.Agnes.Intro at Thu Oct 24 19:57:00 EEST 2013
INFO  PurchaseTab - Sale cancelled
WARN  SalesSystemUI - [The JGoodies Windows Look and Feel - © 2001-2012 JGoodies Karsten Lentzsch - com.jgoodies.looks.windows.WindowsLookAndFeel] not supported on this platform
INFO  PurchaseTab - New sale process started
INFO  Intro - Intro window opened from ee.ut.math.tvt.Agnes.Intro at Thu Oct 24 20:02:03 EEST 2013
WARN  SalesSystemUI - [The JGoodies Windows Look and Feel - © 2001-2012 JGoodies Karsten Lentzsch - com.jgoodies.looks.windows.WindowsLookAndFeel] not supported on this platform
INFO  PurchaseTab - New sale process started
INFO  Intro - Intro window opened from ee.ut.math.tvt.Agnes.Intro at Thu Oct 24 20:05:16 EEST 2013
WARN  SalesSystemUI - [The JGoodies Windows Look and Feel - © 2001-2012 JGoodies Karsten Lentzsch - com.jgoodies.looks.windows.WindowsLookAndFeel] not supported on this platform
INFO  Intro - Intro window opened from ee.ut.math.tvt.Agnes.Intro at Thu Oct 24 20:06:43 EEST 2013
INFO  PurchaseTab - New sale process started
WARN  SalesSystemUI - [The JGoodies Windows Look and Feel - © 2001-2012 JGoodies Karsten Lentzsch - com.jgoodies.looks.windows.WindowsLookAndFeel] not supported on this platform
INFO  PurchaseTab - New sale process started
INFO  Intro - Intro window opened from ee.ut.math.tvt.Agnes.Intro at Thu Oct 24 20:07:24 EEST 2013
WARN  SalesSystemUI - [The JGoodies Windows Look and Feel - © 2001-2012 JGoodies Karsten Lentzsch - com.jgoodies.looks.windows.WindowsLookAndFeel] not supported on this platform
INFO  PurchaseTab - New sale process started
INFO  Intro - Intro window opened from ee.ut.math.tvt.Agnes.Intro at Thu Oct 24 20:07:40 EEST 2013
WARN  SalesSystemUI - [The JGoodies Windows Look and Feel - © 2001-2012 JGoodies Karsten Lentzsch - com.jgoodies.looks.windows.WindowsLookAndFeel] not supported on this platform
INFO  PurchaseTab - New sale process started
INFO  Intro - Intro window opened from ee.ut.math.tvt.Agnes.Intro at Thu Oct 24 20:10:37 EEST 2013
WARN  SalesSystemUI - [The JGoodies Windows Look and Feel - © 2001-2012 JGoodies Karsten Lentzsch - com.jgoodies.looks.windows.WindowsLookAndFeel] not supported on this platform
INFO  PurchaseTab - New sale process started
INFO  Intro - Intro window opened from ee.ut.math.tvt.Agnes.Intro at Thu Oct 24 20:15:23 EEST 2013
WARN  StockTableModel - The warehouse doesn't have that many items 
WARN  SalesSystemUI - [The JGoodies Windows Look and Feel - © 2001-2012 JGoodies Karsten Lentzsch - com.jgoodies.looks.windows.WindowsLookAndFeel] not supported on this platform
INFO  PurchaseTab - New sale process started
INFO  Intro - Intro window opened from ee.ut.math.tvt.Agnes.Intro at Thu Oct 24 20:21:26 EEST 2013
WARN  StockTableModel - The warehouse doesn't have that many items 
WARN  SalesSystemUI - [The JGoodies Windows Look and Feel - © 2001-2012 JGoodies Karsten Lentzsch - com.jgoodies.looks.windows.WindowsLookAndFeel] not supported on this platform
INFO  PurchaseTab - New sale process started
INFO  Intro - Intro window opened from ee.ut.math.tvt.Agnes.Intro at Thu Oct 24 20:28:13 EEST 2013
WARN  StockTableModel - The warehouse doesn't have that many items 
WARN  SalesSystemUI - [The JGoodies Windows Look and Feel - © 2001-2012 JGoodies Karsten Lentzsch - com.jgoodies.looks.windows.WindowsLookAndFeel] not supported on this platform
INFO  PurchaseTab - New sale process started
INFO  Intro - Intro window opened from ee.ut.math.tvt.Agnes.Intro at Thu Oct 24 20:33:52 EEST 2013
WARN  StockTableModel - The warehouse doesn't have that many items 
WARN  SalesSystemUI - [The JGoodies Windows Look and Feel - © 2001-2012 JGoodies Karsten Lentzsch - com.jgoodies.looks.windows.WindowsLookAndFeel] not supported on this platform
INFO  PurchaseTab - New sale process started
INFO  Intro - Intro window opened from ee.ut.math.tvt.Agnes.Intro at Thu Oct 24 20:35:00 EEST 2013
WARN  StockTableModel - The warehouse doesn't have that many items 
WARN  StockTableModel - The warehouse doesn't have that many items 
WARN  StockTableModel - The warehouse doesn't have that many items 
WARN  StockTableModel - The warehouse doesn't have that many items 
WARN  SalesSystemUI - [The JGoodies Windows Look and Feel - © 2001-2012 JGoodies Karsten Lentzsch - com.jgoodies.looks.windows.WindowsLookAndFeel] not supported on this platform
INFO  PurchaseTab - New sale process started
INFO  Intro - Intro window opened from ee.ut.math.tvt.Agnes.Intro at Thu Oct 24 20:35:41 EEST 2013
WARN  StockTableModel - The warehouse doesn't have that many items 
WARN  SalesSystemUI - [The JGoodies Windows Look and Feel - © 2001-2012 JGoodies Karsten Lentzsch - com.jgoodies.looks.windows.WindowsLookAndFeel] not supported on this platform
INFO  PurchaseTab - New sale process started
INFO  Intro - Intro window opened from ee.ut.math.tvt.Agnes.Intro at Thu Oct 24 20:37:05 EEST 2013
WARN  StockTableModel - The warehouse doesn't have that many items 
WARN  StockTableModel - The warehouse doesn't have that many items 
WARN  SalesSystemUI - [The JGoodies Windows Look and Feel - © 2001-2012 JGoodies Karsten Lentzsch - com.jgoodies.looks.windows.WindowsLookAndFeel] not supported on this platform
INFO  PurchaseTab - New sale process started
WARN  StockTableModel - The warehouse doesn't have that many items 
INFO  Intro - Intro window opened from ee.ut.math.tvt.Agnes.Intro at Thu Oct 24 20:37:44 EEST 2013
WARN  StockTableModel - The warehouse doesn't have that many items 
WARN  StockTableModel - The warehouse doesn't have that many items 
WARN  StockTableModel - The warehouse doesn't have that many items 
WARN  SalesSystemUI - [The JGoodies Windows Look and Feel - © 2001-2012 JGoodies Karsten Lentzsch - com.jgoodies.looks.windows.WindowsLookAndFeel] not supported on this platform
INFO  PurchaseTab - New sale process started
INFO  Intro - Intro window opened from ee.ut.math.tvt.Agnes.Intro at Thu Oct 24 20:38:56 EEST 2013
WARN  StockTableModel - The warehouse doesn't have that many items 
WARN  StockTableModel - The warehouse doesn't have that many items 
WARN  StockTableModel - The warehouse doesn't have that many items 
WARN  SalesSystemUI - [The JGoodies Windows Look and Feel - © 2001-2012 JGoodies Karsten Lentzsch - com.jgoodies.looks.windows.WindowsLookAndFeel] not supported on this platform
INFO  PurchaseTab - New sale process started
INFO  Intro - Intro window opened from ee.ut.math.tvt.Agnes.Intro at Thu Oct 24 20:39:48 EEST 2013
WARN  StockTableModel - The warehouse doesn't have that many items 
WARN  StockTableModel - The warehouse doesn't have that many items 
WARN  StockTableModel - The warehouse doesn't have that many items 
WARN  StockTableModel - The warehouse doesn't have that many items 
WARN  SalesSystemUI - [The JGoodies Windows Look and Feel - © 2001-2012 JGoodies Karsten Lentzsch - com.jgoodies.looks.windows.WindowsLookAndFeel] not supported on this platform
INFO  PurchaseTab - New sale process started
INFO  Intro - Intro window opened from ee.ut.math.tvt.Agnes.Intro at Thu Oct 24 20:40:53 EEST 2013
WARN  StockTableModel - The warehouse doesn't have that many items 
WARN  StockTableModel - The warehouse doesn't have that many items 
WARN  StockTableModel - The warehouse doesn't have that many items 
WARN  SalesSystemUI - [The JGoodies Windows Look and Feel - © 2001-2012 JGoodies Karsten Lentzsch - com.jgoodies.looks.windows.WindowsLookAndFeel] not supported on this platform
INFO  PurchaseTab - New sale process started
INFO  Intro - Intro window opened from ee.ut.math.tvt.Agnes.Intro at Thu Oct 24 20:43:17 EEST 2013
WARN  StockTableModel - The warehouse doesn't have that many items 
WARN  StockTableModel - The warehouse doesn't have that many items 
WARN  StockTableModel - The warehouse doesn't have that many items 
WARN  StockTableModel - The warehouse doesn't have that many items 
WARN  StockTableModel - The warehouse doesn't have that many items 
WARN  StockTableModel - The warehouse doesn't have that many items 
WARN  StockTableModel - The warehouse doesn't have that many items 
WARN  SalesSystemUI - [The JGoodies Windows Look and Feel - © 2001-2012 JGoodies Karsten Lentzsch - com.jgoodies.looks.windows.WindowsLookAndFeel] not supported on this platform
INFO  PurchaseTab - New sale process started
INFO  Intro - Intro window opened from ee.ut.math.tvt.Agnes.Intro at Thu Oct 24 20:45:17 EEST 2013
WARN  StockTableModel - The warehouse doesn't have that many items 
WARN  StockTableModel - The warehouse doesn't have that many items 
WARN  StockTableModel - The warehouse doesn't have that many items 
INFO  PurchaseTab - Sale cancelled
INFO  PurchaseTab - New sale process started
WARN  SalesSystemUI - [The JGoodies Windows Look and Feel - © 2001-2012 JGoodies Karsten Lentzsch - com.jgoodies.looks.windows.WindowsLookAndFeel] not supported on this platform
INFO  PurchaseTab - New sale process started
INFO  Intro - Intro window opened from ee.ut.math.tvt.Agnes.Intro at Thu Oct 24 20:47:57 EEST 2013
WARN  StockTableModel - The warehouse doesn't have that many items 
WARN  StockTableModel - The warehouse doesn't have that many items 
WARN  StockTableModel - The warehouse doesn't have that many items 
INFO  PurchaseTab - Sale complete
ERROR PurchaseTab - Underaged!
