/*C27*/SET SCHEMA PUBLIC
DISCONNECT
/*C28*/SET SCHEMA PUBLIC
INSERT INTO SALE VALUES(19,'2013-11-14 00:03:37.187000')
INSERT INTO SOLDITEM VALUES(2,19,25,1,6.20,'Nestea')
DELETE FROM STOCKITEM WHERE ID=2
INSERT INTO STOCKITEM VALUES(2,'Nestea',6.20,32,'Jook')
COMMIT
DISCONNECT
/*C29*/SET SCHEMA PUBLIC
INSERT INTO SALE VALUES(20,'2013-11-14 00:05:12.375000')
INSERT INTO SOLDITEM VALUES(2,20,26,1,6.20,'Nestea')
DELETE FROM STOCKITEM WHERE ID=2
INSERT INTO STOCKITEM VALUES(2,'Nestea',6.20,31,'Jook')
COMMIT
DISCONNECT
/*C30*/SET SCHEMA PUBLIC
INSERT INTO SALE VALUES(21,'2013-11-14 00:06:59.421000')
INSERT INTO SOLDITEM VALUES(3,21,27,2,3.40,'Kohv')
INSERT INTO SOLDITEM VALUES(2,21,28,1,6.20,'Nestea')
DELETE FROM STOCKITEM WHERE ID=2
INSERT INTO STOCKITEM VALUES(2,'Nestea',6.20,30,'Jook')
DELETE FROM STOCKITEM WHERE ID=3
INSERT INTO STOCKITEM VALUES(3,'Kohv',3.40,37,'Jook')
COMMIT
DISCONNECT
/*C31*/SET SCHEMA PUBLIC
DISCONNECT
/*C32*/SET SCHEMA PUBLIC
DISCONNECT
/*C33*/SET SCHEMA PUBLIC
DISCONNECT
/*C34*/SET SCHEMA PUBLIC
DISCONNECT
/*C35*/SET SCHEMA PUBLIC
DISCONNECT
/*C36*/SET SCHEMA PUBLIC
DISCONNECT
/*C38*/SET SCHEMA PUBLIC
DISCONNECT
/*C37*/SET SCHEMA PUBLIC
DISCONNECT
/*C39*/SET SCHEMA PUBLIC
DISCONNECT
